[2013-10-07 22:31:31.981] [INFO] filelog - Logger is initialized...
[2013-10-07 22:31:32.039] [INFO] console - has create MainWebSocketServer succ...
[2013-10-07 22:45:26.732] [INFO] filelog - Logger is initialized...
[2013-10-07 22:45:26.788] [INFO] console - has create MainWebSocketServer succ...
[2013-10-07 22:45:31.399] [INFO] console - verifyClient succ...
[2013-10-07 22:45:31.402] [INFO] console - has a client connected...
[2013-10-07 22:45:31.406] [INFO] console - has a command message
[2013-10-07 22:48:52.592] [INFO] filelog - Logger is initialized...
[2013-10-07 22:48:52.651] [INFO] console - has create MainWebSocketServer succ...
[2013-10-07 22:48:56.648] [INFO] console - verifyClient succ...
[2013-10-07 22:48:56.662] [INFO] console - has a client connected...
[2013-10-07 22:48:56.664] [INFO] console - has a command message
[2013-10-07 22:49:12.835] [INFO] filelog - Logger is initialized...
[2013-10-07 22:49:12.891] [INFO] console - has create MainWebSocketServer succ...
[2013-10-07 22:49:14.733] [INFO] console - verifyClient succ...
[2013-10-07 22:49:14.735] [INFO] console - has a client connected...
[2013-10-07 22:49:14.740] [INFO] console - has a command message
[2013-10-07 22:49:14.741] [INFO] console - has a client inited succ
[2013-10-07 22:49:14.742] [INFO] console - has a command message
[2013-10-07 22:49:14.743] [INFO] console - channelA===hellword
[2013-10-07 22:49:14.746] [INFO] console - RedisCliSub received a message:hellword
[2013-10-07 22:49:14.746] [INFO] console - [ 'uid1', 'uid2', '12345611' ]
[2013-10-07 22:59:01.845] [INFO] filelog - Logger is initialized...
[2013-10-07 22:59:01.905] [INFO] console - has create MainWebSocketServer succ...
[2013-10-07 22:59:04.187] [INFO] console - verifyClient succ...
[2013-10-07 22:59:04.190] [INFO] console - has a client connected...
[2013-10-07 22:59:04.195] [INFO] console - has a command message
[2013-10-07 22:59:04.195] [INFO] console - has a client inited succ
[2013-10-07 22:59:04.197] [INFO] console - has a command message
[2013-10-07 22:59:04.197] [INFO] console - channelA===hellword
[2013-10-07 22:59:04.200] [INFO] console - RedisCliSub received a message:hellword
[2013-10-07 22:59:04.200] [INFO] console - [ 'uid1', 'uid2', '12345611' ]
