0 info it worked if it ends with ok
1 verbose cli [ '/usr/local/bin/node',
1 verbose cli   '/usr/local/bin/npm',
1 verbose cli   'install',
1 verbose cli   '-save',
1 verbose cli   'module_name' ]
2 info using npm@1.3.11
3 info using node@v0.10.19
4 verbose readDependencies using package.json deps
5 verbose cache add [ 'module_name', null ]
6 verbose cache add name=undefined spec="module_name" args=["module_name",null]
7 verbose parsed url { protocol: null,
7 verbose parsed url   slashes: null,
7 verbose parsed url   auth: null,
7 verbose parsed url   host: null,
7 verbose parsed url   port: null,
7 verbose parsed url   hostname: null,
7 verbose parsed url   hash: null,
7 verbose parsed url   search: null,
7 verbose parsed url   query: null,
7 verbose parsed url   pathname: 'module_name',
7 verbose parsed url   path: 'module_name',
7 verbose parsed url   href: 'module_name' }
8 silly lockFile 620a549d-module-name module_name
9 verbose lock module_name /home/showen/.npm/620a549d-module-name.lock
10 silly lockFile 620a549d-module-name module_name
11 silly lockFile 620a549d-module-name module_name
12 verbose addNamed [ 'module_name', '' ]
13 verbose addNamed [ null, '*' ]
14 silly lockFile e7f86128-module-name module_name@
15 verbose lock module_name@ /home/showen/.npm/e7f86128-module-name.lock
16 silly addNameRange { name: 'module_name', range: '*', hasData: false }
17 verbose url raw module_name
18 verbose url resolving [ 'https://registry.npmjs.org/', './module_name' ]
19 verbose url resolved https://registry.npmjs.org/module_name
20 info trying registry request attempt 1 at 09:47:19
21 http GET https://registry.npmjs.org/module_name
22 http 404 https://registry.npmjs.org/module_name
23 silly registry.get cb [ 404,
23 silly registry.get   { server: 'CouchDB/1.3.1 (Erlang OTP/R15B03)',
23 silly registry.get     date: 'Fri, 11 Oct 2013 01:47:37 GMT',
23 silly registry.get     'content-type': 'application/json',
23 silly registry.get     'content-length': '52',
23 silly registry.get     'cache-control': 'must-revalidate' } ]
24 silly lockFile e7f86128-module-name module_name@
25 silly lockFile e7f86128-module-name module_name@
26 error 404 'module_name' is not in the npm registry.
26 error 404 You should bug the author to publish it
26 error 404
26 error 404 Note that you can also install from a
26 error 404 tarball, folder, or http url, or git url.
27 error System Linux 3.8.0-31-generic
28 error command "/usr/local/bin/node" "/usr/local/bin/npm" "install" "-save" "module_name"
29 error cwd /home/showen/myCode/gameChat
30 error node -v v0.10.19
31 error npm -v 1.3.11
32 error code E404
33 verbose exit [ 1, true ]
